============================= test session starts =============================
platform win32 -- Python 3.11.14, pytest-9.0.2, pluggy-1.6.0 -- c:\home\VeldraML\.venv\Scripts\python.exe
rootdir: C:\home\VeldraML
configfile: pyproject.toml
plugins: dash-2.18.2, cov-7.0.0
collecting ... collected 7 items

tests/test_gui_app_coverage_2.py::test_inspect_data_upload_csv PASSED    [ 14%]
tests/test_gui_app_coverage_2.py::test_inspect_data_upload_unsupported PASSED [ 28%]
tests/test_gui_app_coverage_2.py::test_detect_run_action PASSED          [ 42%]
tests/test_gui_app_coverage_2.py::test_build_config_yaml_full PASSED     [ 57%]
tests/test_gui_app_coverage_2.py::test_result_view_empty_and_error PASSED [ 71%]
tests/test_gui_app_coverage_2.py::test_evaluate_action PASSED            [ 85%]
tests/test_gui_app_coverage_2.py::test_minor_callbacks FAILED            [100%]

================================== FAILURES ===================================
____________________________ test_minor_callbacks _____________________________

self = <unittest.mock._patch object at 0x0000019ED2429750>

    def get_original(self):
        target = self.getter()
        name = self.attribute
    
        original = DEFAULT
        local = False
    
        try:
>           original = target.__dict__[name]
                       ^^^^^^^^^^^^^^^^^^^^^
E           KeyError: 'triggered_id'

.uv_python\cpython-3.11.14-windows-x86_64-none\Lib\unittest\mock.py:1409: KeyError

During handling of the above exception, another exception occurred:

args = (), keywargs = {}

    @wraps(func)
    def patched(*args, **keywargs):
>       with self.decoration_helper(patched,
                                    args,
                                    keywargs) as (newargs, newkeywargs):

.uv_python\cpython-3.11.14-windows-x86_64-none\Lib\unittest\mock.py:1375: 
_ _ _ _ _ _ _ _ _ _ _ _ _ _ _ _ _ _ _ _ _ _ _ _ _ _ _ _ _ _ _ _ _ _ _ _ _ _ _ _
.uv_python\cpython-3.11.14-windows-x86_64-none\Lib\contextlib.py:137: in __enter__
    return next(self.gen)
           ^^^^^^^^^^^^^^
.uv_python\cpython-3.11.14-windows-x86_64-none\Lib\unittest\mock.py:1357: in decoration_helper
    arg = exit_stack.enter_context(patching)
          ^^^^^^^^^^^^^^^^^^^^^^^^^^^^^^^^^^
.uv_python\cpython-3.11.14-windows-x86_64-none\Lib\contextlib.py:517: in enter_context
    result = _enter(cm)
             ^^^^^^^^^^
.uv_python\cpython-3.11.14-windows-x86_64-none\Lib\unittest\mock.py:1446: in __enter__
    original, local = self.get_original()
                      ^^^^^^^^^^^^^^^^^^^
.uv_python\cpython-3.11.14-windows-x86_64-none\Lib\unittest\mock.py:1411: in get_original
    original = getattr(target, name, DEFAULT)
               ^^^^^^^^^^^^^^^^^^^^^^^^^^^^^^
_ _ _ _ _ _ _ _ _ _ _ _ _ _ _ _ _ _ _ _ _ _ _ _ _ _ _ _ _ _ _ _ _ _ _ _ _ _ _ _

args = (<dash._callback_context.CallbackContext object at 0x0000019EED765E50>,)
kwargs = {}

    @functools.wraps(func)
    def assert_context(*args, **kwargs):
        if not context_value.get():
>           raise exceptions.MissingCallbackContextException(
                f"dash.callback_context.{getattr(func, '__name__')} is only available from a callback!"
            )
E           dash.exceptions.MissingCallbackContextException: dash.callback_context.triggered_id is only available from a callback!

.venv\Lib\site-packages\dash\_callback_context.py:21: MissingCallbackContextException
=========================== short test summary info ===========================
FAILED tests/test_gui_app_coverage_2.py::test_minor_callbacks - dash.exceptions.MissingCallbackContextException: dash.callback_context.triggered_id is only available from a callback!
========================= 1 failed, 6 passed in 2.24s =========================
